#0 building with "default" instance using docker driver

#1 [internal] load build definition from Dockerfile
#1 transferring dockerfile: 1.53kB done
#1 DONE 0.0s

#2 [internal] load metadata for docker.io/library/nginx:alpine
#2 DONE 0.5s

#3 [internal] load metadata for docker.io/library/node:20-alpine
#3 DONE 0.5s

#4 [internal] load .dockerignore
#4 transferring context: 2B done
#4 DONE 0.0s

#5 [builder 1/6] FROM docker.io/library/node:20-alpine@sha256:16858294071a56ffd4cce9f17b57136cc39e41507b40e245b4f8e906f7a19463
#5 resolve docker.io/library/node:20-alpine@sha256:16858294071a56ffd4cce9f17b57136cc39e41507b40e245b4f8e906f7a19463 0.0s done
#5 DONE 0.0s

#6 [builder 2/6] WORKDIR /app
#6 CACHED

#7 [stage-2  1/12] FROM docker.io/library/nginx:alpine@sha256:b3c656d55d7ad751196f21b7fd2e8d4da9cb430e32f646adcf92441b72f82b14
#7 resolve docker.io/library/nginx:alpine@sha256:b3c656d55d7ad751196f21b7fd2e8d4da9cb430e32f646adcf92441b72f82b14 0.0s done
#7 CACHED

#8 [backend-builder 2/4] WORKDIR /app/backend
#8 CACHED

#9 [internal] load build context
#9 transferring context: 377B 7.8s
#9 transferring context: 5.59kB 7.8s done
#9 DONE 7.8s

#10 [backend-builder 3/4] COPY backend/package*.json ./
#10 DONE -7.7s

#11 [builder 3/6] COPY package*.json index.html vite.config.ts tailwind.config.js postcss.config.js tsconfig*.json ./
#11 DONE -7.7s

#12 [backend-builder 4/4] RUN npm ci --only=production
#12 ...

#13 [builder 4/6] COPY src/ ./src/
#13 DONE 0.1s

#14 [builder 5/6] COPY public/ ./public/
#14 DONE 0.0s

#15 [stage-2  2/12] RUN apk add --no-cache nodejs npm curl
#15 0.067 fetch https://dl-cdn.alpinelinux.org/alpine/v3.22/main/x86_64/APKINDEX.tar.gz
#15 0.285 fetch https://dl-cdn.alpinelinux.org/alpine/v3.22/community/x86_64/APKINDEX.tar.gz
#15 0.645 (1/8) Installing ada-libs (2.9.2-r4)
#15 0.676 (2/8) Installing icu-data-en (76.1-r1)
#15 0.725 Executing icu-data-en-76.1-r1.post-install
#15 0.728 *
#15 0.728 * If you need ICU with non-English locales and legacy charset support, install
#15 0.728 * package icu-data-full.
#15 0.728 *
#15 0.728 (3/8) Installing icu-libs (76.1-r1)
#15 0.800 (4/8) Installing simdjson (3.12.0-r0)
#15 0.828 (5/8) Installing simdutf (7.2.1-r0)
#15 0.859 (6/8) Installing sqlite-libs (3.49.2-r1)
#15 0.911 (7/8) Installing nodejs (22.16.0-r2)
#15 2.833 (8/8) Installing npm (11.6.4-r0)
#15 ...

#12 [backend-builder 4/4] RUN npm ci --only=production
#12 0.420 npm warn config only Use `--omit=dev` to omit dev dependencies from the install.
#12 3.095 
#12 3.095 added 88 packages, and audited 89 packages in 3s
#12 3.095 
#12 3.095 16 packages are looking for funding
#12 3.095   run `npm fund` for details
#12 3.097 
#12 3.097 found 0 vulnerabilities
#12 3.100 npm notice
#12 3.100 npm notice New major version of npm available! 10.8.2 -> 11.6.4
#12 3.100 npm notice Changelog: https://github.com/npm/cli/releases/tag/v11.6.4
#12 3.100 npm notice To update run: npm install -g npm@11.6.4
#12 3.100 npm notice
#12 DONE 3.2s

#15 [stage-2  2/12] RUN apk add --no-cache nodejs npm curl
#15 3.170 Executing busybox-1.37.0-r19.trigger
#15 3.180 OK: 121 MiB in 78 packages
#15 DONE 3.3s

#16 [stage-2  3/12] WORKDIR /app
#16 DONE 0.1s

#17 [builder 6/6] RUN npm ci && npm run build
#17 ...

#18 [stage-2  4/12] COPY --from=backend-builder /app/backend /app/backend
#18 DONE 0.2s

#19 [stage-2  5/12] COPY backend/src/server.js /app/backend/src/
#19 DONE 0.1s

#17 [builder 6/6] RUN npm ci && npm run build
#17 4.945 npm warn deprecated inflight@1.0.6: This module is not supported, and leaks memory. Do not use it. Check out lru-cache if you want a good and tested way to coalesce async requests by a key value, which is much more comprehensive and powerful.
#17 7.407 npm warn deprecated glob@7.2.3: Glob versions prior to v9 are no longer supported
#17 9.997 
#17 9.997 added 588 packages, and audited 589 packages in 10s
#17 9.997 
#17 9.997 84 packages are looking for funding
#17 9.997   run `npm fund` for details
#17 10.01 
#17 10.01 4 vulnerabilities (3 moderate, 1 high)
#17 10.01 
#17 10.01 To address issues that do not require attention, run:
#17 10.01   npm audit fix
#17 10.01 
#17 10.01 To address all issues (including breaking changes), run:
#17 10.01   npm audit fix --force
#17 10.01 
#17 10.01 Run `npm audit` for details.
#17 10.02 npm notice
#17 10.02 npm notice New major version of npm available! 10.8.2 -> 11.6.4
#17 10.02 npm notice Changelog: https://github.com/npm/cli/releases/tag/v11.6.4
#17 10.02 npm notice To update run: npm install -g npm@11.6.4
#17 10.02 npm notice
#17 10.22 
#17 10.22 > youware-react-template@0.0.0 build
#17 10.22 > vite build
#17 10.22 
#17 10.63 vite v7.0.0 building for production...
#17 10.95 transforming...
#17 12.05 The glob option "as" has been deprecated in favour of "query". Please update `as: 'url'` to `query: '?url', import: 'default'`.
#17 12.05 The glob option "as" has been deprecated in favour of "query". Please update `as: 'url'` to `query: '?url', import: 'default'`.
#17 14.86 ✓ 2248 modules transformed.
#17 15.37 rendering chunks...
#17 15.73 computing gzip size...
#17 15.78 dist/assets/Vibracion-1v42FypZ.svg       5.02 kB │ gzip:   1.63 kB
#17 15.78 dist/assets/Nivel-agua-BdL9wD9b.svg      5.50 kB │ gzip:   1.63 kB
#17 15.78 dist/index.html                          6.30 kB │ gzip:   2.08 kB
#17 15.78 dist/assets/logo-white-C9UCssQt.svg     12.08 kB │ gzip:   2.73 kB
#17 15.78 dist/assets/index-DvoCpfPg.css          41.18 kB │ gzip:   6.87 kB
#17 15.78 dist/assets/index-B5SCvTzk.js        1,254.91 kB │ gzip: 283.42 kB │ map: 3,705.72 kB
#17 15.78 
#17 15.78 (!) Some chunks are larger than 500 kB after minification. Consider:
#17 15.78 - Using dynamic import() to code-split the application
#17 15.78 - Use build.rollupOptions.output.manualChunks to improve chunking: https://rollupjs.org/configuration-options/#output-manualchunks
#17 15.78 - Adjust chunk size limit for this warning via build.chunkSizeWarningLimit.
#17 15.78 ✓ built in 5.12s
#17 DONE 16.1s

#20 [stage-2  6/12] COPY --from=builder /app/dist /usr/share/nginx/html
#20 DONE 0.1s

#21 [stage-2  7/12] COPY nginx/nginx.conf /etc/nginx/nginx.conf
#21 DONE 0.0s

#22 [stage-2  8/12] WORKDIR /app/backend
#22 DONE 0.0s

#23 [stage-2  9/12] RUN npm install --only=production
#23 0.311 npm warn config only Use `--omit=dev` to omit dev dependencies from the install.
#23 1.070 
#23 1.070 up to date, audited 89 packages in 793ms
#23 1.070 
#23 1.070 16 packages are looking for funding
#23 1.070   run `npm fund` for details
#23 1.072 
#23 1.072 found 0 vulnerabilities
#23 DONE 1.1s

#24 [stage-2 10/12] RUN mkdir -p /app/scripts
#24 DONE 0.4s

#25 [stage-2 11/12] COPY ha-addon/run.sh /app/scripts/start.sh
#25 DONE 0.1s

#26 [stage-2 12/12] RUN chmod +x /app/scripts/start.sh
#26 DONE 0.3s

#27 exporting to image
#27 exporting layers
#27 exporting layers 2.1s done
#27 exporting manifest sha256:dadef4a8a420c057bebb0e851e7b7b2363c44a400cb0a53b7bae2ac18f76390d 0.0s done
#27 exporting config sha256:4744e9781861861fa2232bf5e1b2b45263721025e7bd85c61d0a566bc099da58 0.0s done
#27 exporting attestation manifest sha256:581465994c20193f495bc70b34a047192b1e3462be016f9bc610199cee8abc09 0.0s done
#27 exporting manifest list sha256:ecb91f6c665e3911e6c2b9e6b186c87c5442ba1ae600d186525775d3983cfc02 0.0s done
#27 naming to docker.io/library/nexdom-os:latest done
#27 unpacking to docker.io/library/nexdom-os:latest
#27 unpacking to docker.io/library/nexdom-os:latest 0.9s done
#27 DONE 3.1s
